<?xml version="1.0" encoding="UTF-8"?>
<!-- Generated by org.testng.reporters.JUnitXMLReporter -->
<testsuite hostname="AsadK" ignored="0" name="Test1" tests="3" failures="1" timestamp="2020-03-11T13:17:10 IST" time="64.221" errors="0">
  <testcase name="testValidLogin" time="5.659" classname="TestScripts.ValidLogin"/>
  <testcase name="testInvalidLogin" time="5.539" classname="TestScripts.InvalidLogin">
    <failure type="java.lang.AssertionError" message="null">
      <![CDATA[java.lang.AssertionError: null
at TestScripts.InvalidLogin.testInvalidLogin(InvalidLogin.java:28)
at java.util.ArrayList.forEach(ArrayList.java:1257)
... Removed 33 stack frames]]>
    </failure>
  </testcase> <!-- testInvalidLogin -->
  <testcase name="testpatientSnapshotNotes" time="25.696" classname="TestScripts.PatientSnapshotNotes"/>
</testsuite> <!-- Test1 -->
