-------------------------------------------------------------------------------
Test set: TestSuite
-------------------------------------------------------------------------------
Tests run: 3, Failures: 1, Errors: 0, Skipped: 0, Time elapsed: 65.696 s <<< FAILURE! - in TestSuite
testInvalidLogin(TestScripts.InvalidLogin)  Time elapsed: 5.546 s  <<< FAILURE!
java.lang.AssertionError: null
	at TestScripts.InvalidLogin.testInvalidLogin(InvalidLogin.java:28)

