<?xml version="1.0" encoding="UTF-8"?>
<testng-results skipped="0" failed="0" total="1" passed="1">
  <reporter-output>
  </reporter-output>
  <suite name="Default suite" duration-ms="24996" started-at="2020-03-13T10:09:00Z" finished-at="2020-03-13T10:09:25Z">
    <groups>
    </groups>
    <test name="Default test" duration-ms="24996" started-at="2020-03-13T10:09:00Z" finished-at="2020-03-13T10:09:25Z">
      <class name="TestScripts.UR_Review">
        <test-method status="PASS" signature="setup()[pri:0, instance:TestScripts.UR_Review@4cf777e8]" name="setup" is-config="true" duration-ms="7810" started-at="2020-03-13T15:39:00Z" finished-at="2020-03-13T15:39:08Z">
          <reporter-output>
          </reporter-output>
        </test-method> <!-- setup -->
        <test-method status="PASS" signature="testUtilizationReview()[pri:0, instance:TestScripts.UR_Review@4cf777e8]" name="testUtilizationReview" duration-ms="17169" started-at="2020-03-13T15:39:08Z" finished-at="2020-03-13T15:39:25Z">
          <reporter-output>
          </reporter-output>
        </test-method> <!-- testUtilizationReview -->
        <test-method status="PASS" signature="tearDown(org.testng.ITestResult)[pri:0, instance:TestScripts.UR_Review@4cf777e8]" name="tearDown" is-config="true" duration-ms="0" started-at="2020-03-13T15:39:25Z" finished-at="2020-03-13T15:39:25Z">
          <params>
            <param index="0">
              <value>
                <![CDATA[[TestResult name=testUtilizationReview status=SUCCESS method=UR_Review.testUtilizationReview()[pri:0, instance:TestScripts.UR_Review@4cf777e8] output={null}]]]>
              </value>
            </param>
          </params>
          <reporter-output>
          </reporter-output>
        </test-method> <!-- tearDown -->
      </class> <!-- TestScripts.UR_Review -->
    </test> <!-- Default test -->
  </suite> <!-- Default suite -->
</testng-results>
