<?xml version="1.0" encoding="UTF-8"?>
<testng-results skipped="0" failed="0" ignored="0" total="1" passed="1">
  <reporter-output>
  </reporter-output>
  <suite name="Default suite" duration-ms="53135" started-at="2020-03-29T07:38:38Z" finished-at="2020-03-29T07:39:31Z">
    <groups>
    </groups>
    <test name="Default test" duration-ms="53135" started-at="2020-03-29T07:38:38Z" finished-at="2020-03-29T07:39:31Z">
      <class name="TestScripts.PatientSnapshotNotes">
        <test-method status="PASS" signature="setup()[pri:0, instance:TestScripts.PatientSnapshotNotes@13805618]" name="setup" is-config="true" duration-ms="20104" started-at="2020-03-29T07:38:38Z" finished-at="2020-03-29T07:38:58Z">
          <reporter-output>
          </reporter-output>
        </test-method> <!-- setup -->
        <test-method status="PASS" signature="testpatientSnapshotNotes()[pri:0, instance:TestScripts.PatientSnapshotNotes@13805618]" name="testpatientSnapshotNotes" duration-ms="31518" started-at="2020-03-29T07:38:58Z" finished-at="2020-03-29T07:39:29Z">
          <reporter-output>
          </reporter-output>
        </test-method> <!-- testpatientSnapshotNotes -->
        <test-method status="PASS" signature="tearDown(org.testng.ITestResult)[pri:0, instance:TestScripts.PatientSnapshotNotes@13805618]" name="tearDown" is-config="true" duration-ms="1464" started-at="2020-03-29T07:39:29Z" finished-at="2020-03-29T07:39:31Z">
          <params>
            <param index="0">
              <value>
                <![CDATA[[TestResult name=testpatientSnapshotNotes status=SUCCESS method=PatientSnapshotNotes.testpatientSnapshotNotes()[pri:0, instance:TestScripts.PatientSnapshotNotes@13805618] output={null}]]]>
              </value>
            </param>
          </params>
          <reporter-output>
          </reporter-output>
        </test-method> <!-- tearDown -->
      </class> <!-- TestScripts.PatientSnapshotNotes -->
    </test> <!-- Default test -->
  </suite> <!-- Default suite -->
</testng-results>
