<?xml version="1.0" encoding="UTF-8"?>
<!-- Generated by org.testng.reporters.JUnitXMLReporter -->
<testsuite hostname="Er-Kamil-Computer" ignored="0" name="Test1" tests="3" failures="1" timestamp="23 Mar 2020 19:38:00 GMT" time="112.912" errors="0">
  <testcase name="testValidLogin" time="8.37" classname="TestScripts.ValidLogin"/>
  <testcase name="testInvalidLogin" time="10.585" classname="TestScripts.InvalidLogin">
    <failure type="java.lang.AssertionError" message="null">
      <![CDATA[java.lang.AssertionError: null
at TestScripts.InvalidLogin.testInvalidLogin(InvalidLogin.java:28)
... Removed 27 stack frames]]>
    </failure>
  </testcase> <!-- testInvalidLogin -->
  <testcase name="testpatientSnapshotNotes" time="22.376" classname="TestScripts.PatientSnapshotNotes"/>
</testsuite> <!-- Test1 -->
