<?xml version="1.0" encoding="UTF-8"?>
<!-- Generated by org.testng.reporters.JUnitXMLReporter -->
<testsuite hostname="AsadK" name="Test1" tests="3" failures="1" timestamp="4 Mar 2020 15:55:50 GMT" time="51.859" errors="0">
  <testcase name="testValidLogin" time="5.072" classname="TestScripts.ValidLogin"/>
  <testcase name="testInvalidLogin" time="5.56" classname="TestScripts.InvalidLogin">
    <failure type="java.lang.AssertionError" message="null">
      <![CDATA[java.lang.AssertionError: null
	at TestScripts.InvalidLogin.testInvalidLogin(InvalidLogin.java:28)
... Removed 27 stack frames]]>
    </failure>
  </testcase> <!-- testInvalidLogin -->
  <testcase name="testpatientSnapshotNotes" time="13.356" classname="TestScripts.PatientSnapshotNotes"/>
</testsuite> <!-- Test1 -->
